Arguments: 
  C:\Program Files\nodejs\node.exe C:\Users\jacob\AppData\Roaming\npm\node_modules\yarn\bin\yarn.js install --production --no-optional --network-timeout 1000000

PATH: 
  C:\Users\Public\Documents\plan-your-trip\backend\node_modules\.bin;C:\Users\Public\Documents\plan-your-trip\node_modules\.bin;C:\Users\Public\Documents\node_modules\.bin;C:\Users\Public\node_modules\.bin;C:\Users\node_modules\.bin;C:\node_modules\.bin;C:\Program Files\nodejs;C:\Users\jacob\AppData\Local\npm-cache\_npx\2d56dd13733e9da7\node_modules\.bin;C:\Users\Public\Documents\plan-your-trip\node_modules\.bin;C:\Users\Public\Documents\node_modules\.bin;C:\Users\Public\node_modules\.bin;C:\Users\node_modules\.bin;C:\node_modules\.bin;C:\Users\jacob\AppData\Roaming\npm\node_modules\npm\node_modules\@npmcli\run-script\lib\node-gyp-bin;C:\Python310\Scripts\;C:\Python310\;C:\windows\system32;C:\windows;C:\windows\System32\Wbem;C:\windows\System32\WindowsPowerShell\v1.0\;C:\windows\System32\OpenSSH\;C:\Program Files (x86)\NVIDIA Corporation\PhysX\Common;C:\Program Files\NVIDIA Corporation\NVIDIA NvDLISR;C:\Program Files\Microsoft VS Code\bin;C:\ProgramData\chocolatey\bin;C:\ProgramData\ComposerSetup\bin;C:\xampp\php;C:\HashiCorp\Vagrant\bin;C:\Program Files\Docker\Docker\resources\bin;C:\ProgramData\DockerDesktop\version-bin;C:\Program Files\Git\cmd;C:\WINDOWS\system32;C:\WINDOWS;C:\WINDOWS\System32\Wbem;C:\WINDOWS\System32\WindowsPowerShell\v1.0\;C:\WINDOWS\System32\OpenSSH\;C:\Users\jacob\AppData\Roaming\nvm;C:\Program Files\nodejs;C:\Program Files\dotnet\;C:\Users\jacob\AppData\Local\Programs\Python\Python37-32\Scripts\;C:\Users\jacob\AppData\Local\Programs\Python\Python37-32\;C:\Users\jacob\AppData\Local\Microsoft\WindowsApps;C:\Users\jacob\AppData\Roaming\Composer\vendor\bin;C:\Users\jacob\AppData\Roaming\npm;C:\Users\jacob\AppData\Local\GitHubDesktop\bin;C:\Users\jacob\AppData\Roaming\nvm;C:\Program Files\nodejs;C:\Users\jacob\.dotnet\tools

Yarn version: 
  1.22.19

Node version: 
  16.16.0

Platform: 
  win32 x64

Trace: 
  Error: https://registry.yarnpkg.com/date-fns/-/date-fns-2.29.3.tgz: ESOCKETTIMEDOUT
      at ClientRequest.<anonymous> (C:\Users\jacob\AppData\Roaming\npm\node_modules\yarn\lib\cli.js:141517:19)
      at Object.onceWrapper (node:events:641:28)
      at ClientRequest.emit (node:events:527:28)
      at TLSSocket.emitRequestTimeout (node:_http_client:771:9)
      at Object.onceWrapper (node:events:641:28)
      at TLSSocket.emit (node:events:539:35)
      at TLSSocket.Socket._onTimeout (node:net:516:8)
      at listOnTimeout (node:internal/timers:559:17)
      at processTimers (node:internal/timers:502:7)

npm manifest: 
  {
    "name": "backend",
    "private": true,
    "version": "0.1.0",
    "description": "A Strapi application",
    "scripts": {
      "develop": "strapi develop",
      "start": "strapi start",
      "build": "strapi build",
      "strapi": "strapi"
    },
    "devDependencies": {},
    "dependencies": {
      "@strapi/strapi": "4.8.1",
      "@strapi/plugin-users-permissions": "4.8.1",
      "@strapi/plugin-i18n": "4.8.1",
      "better-sqlite3": "8.0.1"
    },
    "author": {
      "name": "A Strapi developer"
    },
    "strapi": {
      "uuid": "995dc835-13c6-4abf-91b2-1bc6cea3dd2c"
    },
    "engines": {
      "node": ">=14.19.1 <=18.x.x",
      "npm": ">=6.0.0"
    },
    "license": "MIT"
  }

yarn manifest: 
  No manifest

Lockfile: 
  No lockfile
